#
# There is insufficient memory for the Java Runtime Environment to continue.
# Native memory allocation (malloc) failed to allocate 1416816 bytes for Chunk::new
# Possible reasons:
#   The system is out of physical RAM or swap space
#   The process is running with CompressedOops enabled, and the Java Heap may be blocking the growth of the native heap
# Possible solutions:
#   Reduce memory load on the system
#   Increase physical memory or swap space
#   Check if swap backing store is full
#   Decrease Java heap size (-Xmx/-Xms)
#   Decrease number of Java threads
#   Decrease Java thread stack sizes (-Xss)
#   Set larger code cache with -XX:ReservedCodeCacheSize=
#   JVM is running with Unscaled Compressed Oops mode in which the Java heap is
#     placed in the first 4GB address space. The Java Heap base address is the
#     maximum limit for the native heap growth. Please use -XX:HeapBaseMinAddress
#     to set the Java Heap base and to place the Java Heap above 4GB virtual address.
# This output file may be truncated or incomplete.
#
#  Out of Memory Error (./src/hotspot/share/memory/arena.cpp:197), pid=21628, tid=30844
#
# JRE version: OpenJDK Runtime Environment Corretto-11.0.15.9.1 (11.0.15+9) (build 11.0.15+9-LTS)
# Java VM: OpenJDK 64-Bit Server VM Corretto-11.0.15.9.1 (11.0.15+9-LTS, mixed mode, tiered, compressed oops, g1 gc, windows-amd64)
# No core dump will be written. Minidumps are not enabled by default on client versions of Windows
#

---------------  S U M M A R Y ------------

Command Line: C:\Users\ronal\AppData\Local\Temp\surefire15145776323262826028\surefirebooter866544684478268065.jar C:\Users\ronal\AppData\Local\Temp\surefire15145776323262826028 2022-10-21T21-53-39_784-jvmRun1 surefire2619382391810391450tmp surefire_01016902587501015403tmp

Host: AMD Ryzen 5 3500U with Radeon Vega Mobile Gfx  , 8 cores, 5G,  Windows 11 , 64 bit Build 22621 (10.0.22621.608)
Time: Fri Oct 21 21:53:44 2022 Hora est. Pacífico, Sudamérica elapsed time: 3.310208 seconds (0d 0h 0m 3s)

---------------  T H R E A D  ---------------

Current thread (0x000001bbfa8c4800):  JavaThread "C2 CompilerThread0" daemon [_thread_in_native, id=30844, stack(0x0000007676000000,0x0000007676100000)]


Current CompileTask:
C2:   3310 1846       4       java.lang.invoke.LambdaForm$Name::replaceNames (174 bytes)

Stack: [0x0000007676000000,0x0000007676100000]
Native frames: (J=compiled Java code, j=interpreted, Vv=VM code, C=native code)
V  [jvm.dll+0x61e7ba]
V  [jvm.dll+0x7ab749]
V  [jvm.dll+0x7ace38]
V  [jvm.dll+0x7ad513]
V  [jvm.dll+0x24f968]
V  [jvm.dll+0xc262c]
V  [jvm.dll+0xc2bec]
V  [jvm.dll+0x359b62]
V  [jvm.dll+0x19e789]
V  [jvm.dll+0x208eb2]
V  [jvm.dll+0x207f8d]
V  [jvm.dll+0x18a371]
V  [jvm.dll+0x2176e4]
V  [jvm.dll+0x21592b]
V  [jvm.dll+0x76e250]
V  [jvm.dll+0x7671b4]
V  [jvm.dll+0x61d616]
C  [ucrtbase.dll+0x29363]
C  [KERNEL32.DLL+0x1244d]
C  [ntdll.dll+0x5df78]


---------------  P R O C E S S  ---------------

Threads class SMR info:
_java_thread_list=0x000001bbfc59fe80, length=13, elements={
0x000001bbdcb4b000, 0x000001bbfa8a1800, 0x000001bbfa8aa000, 0x000001bbfa8c0000,
0x000001bbfa8c0800, 0x000001bbfa8c3800, 0x000001bbfa8c4800, 0x000001bbfa8c5800,
0x000001bbfa8d3800, 0x000001bbfb3be000, 0x000001bbfb4a3800, 0x000001bbfb3b2800,
0x000001bbfc802000
}

Java Threads: ( => current thread )
  0x000001bbdcb4b000 JavaThread "main" [_thread_in_native, id=28716, stack(0x0000007675400000,0x0000007675500000)]
  0x000001bbfa8a1800 JavaThread "Reference Handler" daemon [_thread_blocked, id=24084, stack(0x0000007675b00000,0x0000007675c00000)]
  0x000001bbfa8aa000 JavaThread "Finalizer" daemon [_thread_blocked, id=20976, stack(0x0000007675c00000,0x0000007675d00000)]
  0x000001bbfa8c0000 JavaThread "Signal Dispatcher" daemon [_thread_blocked, id=4184, stack(0x0000007675d00000,0x0000007675e00000)]
  0x000001bbfa8c0800 JavaThread "Attach Listener" daemon [_thread_blocked, id=25540, stack(0x0000007675e00000,0x0000007675f00000)]
  0x000001bbfa8c3800 JavaThread "Service Thread" daemon [_thread_blocked, id=31256, stack(0x0000007675f00000,0x0000007676000000)]
=>0x000001bbfa8c4800 JavaThread "C2 CompilerThread0" daemon [_thread_in_native, id=30844, stack(0x0000007676000000,0x0000007676100000)]
  0x000001bbfa8c5800 JavaThread "C1 CompilerThread0" daemon [_thread_blocked, id=512, stack(0x0000007676100000,0x0000007676200000)]
  0x000001bbfa8d3800 JavaThread "Sweeper thread" daemon [_thread_blocked, id=1424, stack(0x0000007676200000,0x0000007676300000)]
  0x000001bbfb3be000 JavaThread "Common-Cleaner" daemon [_thread_blocked, id=23160, stack(0x0000007676400000,0x0000007676500000)]
  0x000001bbfb4a3800 JavaThread "surefire-forkedjvm-command-thread" daemon [_thread_in_native, id=12992, stack(0x0000007676500000,0x0000007676600000)]
  0x000001bbfb3b2800 JavaThread "surefire-forkedjvm-ping-30s" daemon [_thread_blocked, id=23476, stack(0x0000007676600000,0x0000007676700000)]
  0x000001bbfc802000 JavaThread "background-preinit" [_thread_in_Java, id=21164, stack(0x0000007676900000,0x0000007676a00000)]

Other Threads:
  0x000001bbfa87c000 VMThread "VM Thread" [stack: 0x0000007675a00000,0x0000007675b00000] [id=30840]
  0x000001bbfb3bd000 WatcherThread [stack: 0x0000007676300000,0x0000007676400000] [id=28820]
  0x000001bbdcb62000 GCTaskThread "GC Thread#0" [stack: 0x0000007675500000,0x0000007675600000] [id=31200]
  0x000001bbfbc47800 GCTaskThread "GC Thread#1" [stack: 0x0000007676700000,0x0000007676800000] [id=21276]
  0x000001bbdcb87000 ConcurrentGCThread "G1 Main Marker" [stack: 0x0000007675600000,0x0000007675700000] [id=24348]
  0x000001bbdcb8e000 ConcurrentGCThread "G1 Conc#0" [stack: 0x0000007675700000,0x0000007675800000] [id=31024]
  0x000001bbfc3ce800 ConcurrentGCThread "G1 Conc#1" [stack: 0x0000007676800000,0x0000007676900000] [id=15408]
  0x000001bbdcc13000 ConcurrentGCThread "G1 Refine#0" [stack: 0x0000007675800000,0x0000007675900000] [id=25788]
  0x000001bbdcc16000 ConcurrentGCThread "G1 Young RemSet Sampling" [stack: 0x0000007675900000,0x0000007675a00000] [id=24392]

Threads with active compile tasks:
C2 CompilerThread0     3353 1846       4       java.lang.invoke.LambdaForm$Name::replaceNames (174 bytes)

VM state:not at safepoint (normal execution)

VM Mutex/Monitor currently owned by a thread:  ([mutex/lock_event])
[0x000001bbdcb47190] MethodCompileQueue_lock - owner thread: 0x0000000000000000

Heap address: 0x00000000a0e00000, size: 1522 MB, Compressed Oops mode: 32-bit
Narrow klass base: 0x0000000000000000, Narrow klass shift: 3
Compressed class space size: 1073741824 Address: 0x0000000100000000

Heap:
 garbage-first heap   total 98304K, used 40298K [0x00000000a0e00000, 0x0000000100000000)
  region size 1024K, 38 young (38912K), 6 survivors (6144K)
 Metaspace       used 25910K, capacity 26797K, committed 26880K, reserved 1073152K
  class space    used 2918K, capacity 3261K, committed 3328K, reserved 1048576K
Heap Regions: E=young(eden), S=young(survivor), O=old, HS=humongous(starts), HC=humongous(continues), CS=collection set, F=free, A=archive, TAMS=top-at-mark-start (previous, next)
|   0|0x00000000a0e00000, 0x00000000a0f00000, 0x00000000a0f00000|100%|HS|  |TAMS 0x00000000a0f00000, 0x00000000a0e00000| Complete 
|   1|0x00000000a0f00000, 0x00000000a1000000, 0x00000000a1000000|100%| O|  |TAMS 0x00000000a1000000, 0x00000000a0f00000| Untracked 
|   2|0x00000000a1000000, 0x00000000a1100000, 0x00000000a1100000|100%| O|  |TAMS 0x00000000a1100000, 0x00000000a1000000| Untracked 
|   3|0x00000000a1100000, 0x00000000a1200000, 0x00000000a1200000|100%| O|  |TAMS 0x00000000a1200000, 0x00000000a1100000| Untracked 
|   4|0x00000000a1200000, 0x00000000a120dc00, 0x00000000a1300000|  5%| O|  |TAMS 0x00000000a120dc00, 0x00000000a1200000| Untracked 
|   5|0x00000000a1300000, 0x00000000a1300000, 0x00000000a1400000|  0%| F|  |TAMS 0x00000000a1300000, 0x00000000a1300000| Untracked 
|   6|0x00000000a1400000, 0x00000000a1400000, 0x00000000a1500000|  0%| F|  |TAMS 0x00000000a1400000, 0x00000000a1400000| Untracked 
|   7|0x00000000a1500000, 0x00000000a1500000, 0x00000000a1600000|  0%| F|  |TAMS 0x00000000a1500000, 0x00000000a1500000| Untracked 
|   8|0x00000000a1600000, 0x00000000a1600000, 0x00000000a1700000|  0%| F|  |TAMS 0x00000000a1600000, 0x00000000a1600000| Untracked 
|   9|0x00000000a1700000, 0x00000000a1700000, 0x00000000a1800000|  0%| F|  |TAMS 0x00000000a1700000, 0x00000000a1700000| Untracked 
|  10|0x00000000a1800000, 0x00000000a1800000, 0x00000000a1900000|  0%| F|  |TAMS 0x00000000a1800000, 0x00000000a1800000| Untracked 
|  11|0x00000000a1900000, 0x00000000a1900000, 0x00000000a1a00000|  0%| F|  |TAMS 0x00000000a1900000, 0x00000000a1900000| Untracked 
|  12|0x00000000a1a00000, 0x00000000a1a00000, 0x00000000a1b00000|  0%| F|  |TAMS 0x00000000a1a00000, 0x00000000a1a00000| Untracked 
|  13|0x00000000a1b00000, 0x00000000a1b00000, 0x00000000a1c00000|  0%| F|  |TAMS 0x00000000a1b00000, 0x00000000a1b00000| Untracked 
|  14|0x00000000a1c00000, 0x00000000a1c00000, 0x00000000a1d00000|  0%| F|  |TAMS 0x00000000a1c00000, 0x00000000a1c00000| Untracked 
|  15|0x00000000a1d00000, 0x00000000a1d00000, 0x00000000a1e00000|  0%| F|  |TAMS 0x00000000a1d00000, 0x00000000a1d00000| Untracked 
|  16|0x00000000a1e00000, 0x00000000a1e00000, 0x00000000a1f00000|  0%| F|  |TAMS 0x00000000a1e00000, 0x00000000a1e00000| Untracked 
|  17|0x00000000a1f00000, 0x00000000a1f00000, 0x00000000a2000000|  0%| F|  |TAMS 0x00000000a1f00000, 0x00000000a1f00000| Untracked 
|  18|0x00000000a2000000, 0x00000000a2000000, 0x00000000a2100000|  0%| F|  |TAMS 0x00000000a2000000, 0x00000000a2000000| Untracked 
|  19|0x00000000a2100000, 0x00000000a2100000, 0x00000000a2200000|  0%| F|  |TAMS 0x00000000a2100000, 0x00000000a2100000| Untracked 
|  20|0x00000000a2200000, 0x00000000a2200000, 0x00000000a2300000|  0%| F|  |TAMS 0x00000000a2200000, 0x00000000a2200000| Untracked 
|  21|0x00000000a2300000, 0x00000000a2300000, 0x00000000a2400000|  0%| F|  |TAMS 0x00000000a2300000, 0x00000000a2300000| Untracked 
|  22|0x00000000a2400000, 0x00000000a2400000, 0x00000000a2500000|  0%| F|  |TAMS 0x00000000a2400000, 0x00000000a2400000| Untracked 
|  23|0x00000000a2500000, 0x00000000a2500000, 0x00000000a2600000|  0%| F|  |TAMS 0x00000000a2500000, 0x00000000a2500000| Untracked 
|  24|0x00000000a2600000, 0x00000000a2600000, 0x00000000a2700000|  0%| F|  |TAMS 0x00000000a2600000, 0x00000000a2600000| Untracked 
|  25|0x00000000a2700000, 0x00000000a2700000, 0x00000000a2800000|  0%| F|  |TAMS 0x00000000a2700000, 0x00000000a2700000| Untracked 
|  26|0x00000000a2800000, 0x00000000a2800000, 0x00000000a2900000|  0%| F|  |TAMS 0x00000000a2800000, 0x00000000a2800000| Untracked 
|  27|0x00000000a2900000, 0x00000000a2900000, 0x00000000a2a00000|  0%| F|  |TAMS 0x00000000a2900000, 0x00000000a2900000| Untracked 
|  28|0x00000000a2a00000, 0x00000000a2a00000, 0x00000000a2b00000|  0%| F|  |TAMS 0x00000000a2a00000, 0x00000000a2a00000| Untracked 
|  29|0x00000000a2b00000, 0x00000000a2b00000, 0x00000000a2c00000|  0%| F|  |TAMS 0x00000000a2b00000, 0x00000000a2b00000| Untracked 
|  30|0x00000000a2c00000, 0x00000000a2c00000, 0x00000000a2d00000|  0%| F|  |TAMS 0x00000000a2c00000, 0x00000000a2c00000| Untracked 
|  31|0x00000000a2d00000, 0x00000000a2d00000, 0x00000000a2e00000|  0%| F|  |TAMS 0x00000000a2d00000, 0x00000000a2d00000| Untracked 
|  32|0x00000000a2e00000, 0x00000000a2e00000, 0x00000000a2f00000|  0%| F|  |TAMS 0x00000000a2e00000, 0x00000000a2e00000| Untracked 
|  33|0x00000000a2f00000, 0x00000000a2f00000, 0x00000000a3000000|  0%| F|  |TAMS 0x00000000a2f00000, 0x00000000a2f00000| Untracked 
|  34|0x00000000a3000000, 0x00000000a304cc98, 0x00000000a3100000| 29%| S|CS|TAMS 0x00000000a3000000, 0x00000000a3000000| Complete 
|  35|0x00000000a3100000, 0x00000000a3200000, 0x00000000a3200000|100%| S|CS|TAMS 0x00000000a3100000, 0x00000000a3100000| Complete 
|  36|0x00000000a3200000, 0x00000000a3300000, 0x00000000a3300000|100%| S|CS|TAMS 0x00000000a3200000, 0x00000000a3200000| Complete 
|  37|0x00000000a3300000, 0x00000000a3400000, 0x00000000a3400000|100%| S|CS|TAMS 0x00000000a3300000, 0x00000000a3300000| Complete 
|  38|0x00000000a3400000, 0x00000000a3500000, 0x00000000a3500000|100%| S|CS|TAMS 0x00000000a3400000, 0x00000000a3400000| Complete 
|  39|0x00000000a3500000, 0x00000000a3600000, 0x00000000a3600000|100%| S|CS|TAMS 0x00000000a3500000, 0x00000000a3500000| Complete 
|  40|0x00000000a3600000, 0x00000000a3600000, 0x00000000a3700000|  0%| F|  |TAMS 0x00000000a3600000, 0x00000000a3600000| Untracked 
|  41|0x00000000a3700000, 0x00000000a3700000, 0x00000000a3800000|  0%| F|  |TAMS 0x00000000a3700000, 0x00000000a3700000| Untracked 
|  42|0x00000000a3800000, 0x00000000a3800000, 0x00000000a3900000|  0%| F|  |TAMS 0x00000000a3800000, 0x00000000a3800000| Untracked 
|  43|0x00000000a3900000, 0x00000000a3900000, 0x00000000a3a00000|  0%| F|  |TAMS 0x00000000a3900000, 0x00000000a3900000| Untracked 
|  44|0x00000000a3a00000, 0x00000000a3a00000, 0x00000000a3b00000|  0%| F|  |TAMS 0x00000000a3a00000, 0x00000000a3a00000| Untracked 
|  45|0x00000000a3b00000, 0x00000000a3b00000, 0x00000000a3c00000|  0%| F|  |TAMS 0x00000000a3b00000, 0x00000000a3b00000| Untracked 
|  46|0x00000000a3c00000, 0x00000000a3c00000, 0x00000000a3d00000|  0%| F|  |TAMS 0x00000000a3c00000, 0x00000000a3c00000| Untracked 
|  47|0x00000000a3d00000, 0x00000000a3d00000, 0x00000000a3e00000|  0%| F|  |TAMS 0x00000000a3d00000, 0x00000000a3d00000| Untracked 
|  48|0x00000000a3e00000, 0x00000000a3e00000, 0x00000000a3f00000|  0%| F|  |TAMS 0x00000000a3e00000, 0x00000000a3e00000| Untracked 
|  49|0x00000000a3f00000, 0x00000000a3f00000, 0x00000000a4000000|  0%| F|  |TAMS 0x00000000a3f00000, 0x00000000a3f00000| Untracked 
|  50|0x00000000a4000000, 0x00000000a4000000, 0x00000000a4100000|  0%| F|  |TAMS 0x00000000a4000000, 0x00000000a4000000| Untracked 
|  51|0x00000000a4100000, 0x00000000a4100000, 0x00000000a4200000|  0%| F|  |TAMS 0x00000000a4100000, 0x00000000a4100000| Untracked 
|  52|0x00000000a4200000, 0x00000000a4200000, 0x00000000a4300000|  0%| F|  |TAMS 0x00000000a4200000, 0x00000000a4200000| Untracked 
|  53|0x00000000a4300000, 0x00000000a4300000, 0x00000000a4400000|  0%| F|  |TAMS 0x00000000a4300000, 0x00000000a4300000| Untracked 
|  54|0x00000000a4400000, 0x00000000a4400000, 0x00000000a4500000|  0%| F|  |TAMS 0x00000000a4400000, 0x00000000a4400000| Untracked 
|  55|0x00000000a4500000, 0x00000000a4500000, 0x00000000a4600000|  0%| F|  |TAMS 0x00000000a4500000, 0x00000000a4500000| Untracked 
|  56|0x00000000a4600000, 0x00000000a4600000, 0x00000000a4700000|  0%| F|  |TAMS 0x00000000a4600000, 0x00000000a4600000| Untracked 
|  57|0x00000000a4700000, 0x00000000a4700000, 0x00000000a4800000|  0%| F|  |TAMS 0x00000000a4700000, 0x00000000a4700000| Untracked 
|  58|0x00000000a4800000, 0x00000000a4800000, 0x00000000a4900000|  0%| F|  |TAMS 0x00000000a4800000, 0x00000000a4800000| Untracked 
|  59|0x00000000a4900000, 0x00000000a4900000, 0x00000000a4a00000|  0%| F|  |TAMS 0x00000000a4900000, 0x00000000a4900000| Untracked 
|  60|0x00000000a4a00000, 0x00000000a4a00000, 0x00000000a4b00000|  0%| F|  |TAMS 0x00000000a4a00000, 0x00000000a4a00000| Untracked 
|  61|0x00000000a4b00000, 0x00000000a4b00000, 0x00000000a4c00000|  0%| F|  |TAMS 0x00000000a4b00000, 0x00000000a4b00000| Untracked 
|  62|0x00000000a4c00000, 0x00000000a4c00000, 0x00000000a4d00000|  0%| F|  |TAMS 0x00000000a4c00000, 0x00000000a4c00000| Untracked 
|  63|0x00000000a4d00000, 0x00000000a4d3a8b0, 0x00000000a4e00000| 22%| E|  |TAMS 0x00000000a4d00000, 0x00000000a4d00000| Complete 
|  64|0x00000000a4e00000, 0x00000000a4f00000, 0x00000000a4f00000|100%| E|CS|TAMS 0x00000000a4e00000, 0x00000000a4e00000| Complete 
|  65|0x00000000a4f00000, 0x00000000a5000000, 0x00000000a5000000|100%| E|CS|TAMS 0x00000000a4f00000, 0x00000000a4f00000| Complete 
|  66|0x00000000a5000000, 0x00000000a5100000, 0x00000000a5100000|100%| E|CS|TAMS 0x00000000a5000000, 0x00000000a5000000| Complete 
|  67|0x00000000a5100000, 0x00000000a5200000, 0x00000000a5200000|100%| E|CS|TAMS 0x00000000a5100000, 0x00000000a5100000| Complete 
|  68|0x00000000a5200000, 0x00000000a5300000, 0x00000000a5300000|100%| E|CS|TAMS 0x00000000a5200000, 0x00000000a5200000| Complete 
|  69|0x00000000a5300000, 0x00000000a5400000, 0x00000000a5400000|100%| E|CS|TAMS 0x00000000a5300000, 0x00000000a5300000| Complete 
|  70|0x00000000a5400000, 0x00000000a5500000, 0x00000000a5500000|100%| E|  |TAMS 0x00000000a5400000, 0x00000000a5400000| Complete 
|  71|0x00000000a5500000, 0x00000000a5600000, 0x00000000a5600000|100%| E|CS|TAMS 0x00000000a5500000, 0x00000000a5500000| Complete 
|  72|0x00000000a5600000, 0x00000000a5700000, 0x00000000a5700000|100%| E|CS|TAMS 0x00000000a5600000, 0x00000000a5600000| Complete 
|  73|0x00000000a5700000, 0x00000000a5800000, 0x00000000a5800000|100%| E|CS|TAMS 0x00000000a5700000, 0x00000000a5700000| Complete 
|  74|0x00000000a5800000, 0x00000000a5900000, 0x00000000a5900000|100%| E|CS|TAMS 0x00000000a5800000, 0x00000000a5800000| Complete 
|  75|0x00000000a5900000, 0x00000000a5a00000, 0x00000000a5a00000|100%| E|CS|TAMS 0x00000000a5900000, 0x00000000a5900000| Complete 
|  76|0x00000000a5a00000, 0x00000000a5b00000, 0x00000000a5b00000|100%| E|CS|TAMS 0x00000000a5a00000, 0x00000000a5a00000| Complete 
|  77|0x00000000a5b00000, 0x00000000a5c00000, 0x00000000a5c00000|100%| E|CS|TAMS 0x00000000a5b00000, 0x00000000a5b00000| Complete 
|  78|0x00000000a5c00000, 0x00000000a5d00000, 0x00000000a5d00000|100%| E|CS|TAMS 0x00000000a5c00000, 0x00000000a5c00000| Complete 
|  79|0x00000000a5d00000, 0x00000000a5e00000, 0x00000000a5e00000|100%| E|CS|TAMS 0x00000000a5d00000, 0x00000000a5d00000| Complete 
|  80|0x00000000a5e00000, 0x00000000a5f00000, 0x00000000a5f00000|100%| E|CS|TAMS 0x00000000a5e00000, 0x00000000a5e00000| Complete 
|  81|0x00000000a5f00000, 0x00000000a6000000, 0x00000000a6000000|100%| E|CS|TAMS 0x00000000a5f00000, 0x00000000a5f00000| Complete 
|  82|0x00000000a6000000, 0x00000000a6100000, 0x00000000a6100000|100%| E|CS|TAMS 0x00000000a6000000, 0x00000000a6000000| Complete 
|  83|0x00000000a6100000, 0x00000000a6200000, 0x00000000a6200000|100%| E|CS|TAMS 0x00000000a6100000, 0x00000000a6100000| Complete 
|  84|0x00000000a6200000, 0x00000000a6300000, 0x00000000a6300000|100%| E|CS|TAMS 0x00000000a6200000, 0x00000000a6200000| Complete 
|  85|0x00000000a6300000, 0x00000000a6400000, 0x00000000a6400000|100%| E|CS|TAMS 0x00000000a6300000, 0x00000000a6300000| Complete 
|  86|0x00000000a6400000, 0x00000000a6500000, 0x00000000a6500000|100%| E|CS|TAMS 0x00000000a6400000, 0x00000000a6400000| Complete 
|  87|0x00000000a6500000, 0x00000000a6600000, 0x00000000a6600000|100%| E|CS|TAMS 0x00000000a6500000, 0x00000000a6500000| Complete 
|  88|0x00000000a6600000, 0x00000000a6700000, 0x00000000a6700000|100%| E|CS|TAMS 0x00000000a6600000, 0x00000000a6600000| Complete 
|  89|0x00000000a6700000, 0x00000000a6800000, 0x00000000a6800000|100%| E|CS|TAMS 0x00000000a6700000, 0x00000000a6700000| Complete 
|  90|0x00000000a6800000, 0x00000000a6900000, 0x00000000a6900000|100%| E|CS|TAMS 0x00000000a6800000, 0x00000000a6800000| Complete 
|  91|0x00000000a6900000, 0x00000000a6a00000, 0x00000000a6a00000|100%| E|CS|TAMS 0x00000000a6900000, 0x00000000a6900000| Complete 
|  92|0x00000000a6a00000, 0x00000000a6b00000, 0x00000000a6b00000|100%| E|CS|TAMS 0x00000000a6a00000, 0x00000000a6a00000| Complete 
|  93|0x00000000a6b00000, 0x00000000a6c00000, 0x00000000a6c00000|100%| E|CS|TAMS 0x00000000a6b00000, 0x00000000a6b00000| Complete 
|  94|0x00000000a6c00000, 0x00000000a6d00000, 0x00000000a6d00000|100%| E|CS|TAMS 0x00000000a6c00000, 0x00000000a6c00000| Complete 
|  95|0x00000000a6d00000, 0x00000000a6e00000, 0x00000000a6e00000|100%| E|CS|TAMS 0x00000000a6d00000, 0x00000000a6d00000| Complete 

Card table byte_map: [0x000001bbf48d0000,0x000001bbf4bd0000] _byte_map_base: 0x000001bbf43c9000

Marking Bits (Prev, Next): (CMBitMap*) 0x000001bbdcb800c0, (CMBitMap*) 0x000001bbdcb80088
 Prev Bits: [0x000001bbf66a0000, 0x000001bbf7e68000)
 Next Bits: [0x000001bbf4ed0000, 0x000001bbf6698000)

Polling page: 0x000001bbdab50000

Metaspace:

Usage:
  Non-class:     23.11 MB capacity,    22.58 MB ( 98%) used,   447.87 KB (  2%) free+waste,    98.69 KB ( <1%) overhead. 
      Class:      3.22 MB capacity,     2.87 MB ( 89%) used,   306.25 KB (  9%) free+waste,    49.63 KB (  2%) overhead. 
       Both:     26.33 MB capacity,    25.45 MB ( 97%) used,   754.12 KB (  3%) free+waste,   148.31 KB ( <1%) overhead. 

Virtual space:
  Non-class space:       24.00 MB reserved,      23.25 MB ( 97%) committed 
      Class space:        1.00 GB reserved,       3.25 MB ( <1%) committed 
             Both:        1.02 GB reserved,      26.50 MB (  3%) committed 

Chunk freelists:
   Non-Class:  12.00 KB
       Class:  1.00 KB
        Both:  13.00 KB

MaxMetaspaceSize: 17179869184.00 GB
CompressedClassSpaceSize: 1.00 GB
Initial GC threshold: 20.80 MB
Current GC threshold: 35.08 MB
CDS: off

CodeHeap 'non-profiled nmethods': size=120000Kb used=747Kb max_used=747Kb free=119252Kb
 bounds [0x000001bbecd70000, 0x000001bbecfe0000, 0x000001bbf42a0000]
CodeHeap 'profiled nmethods': size=120000Kb used=4138Kb max_used=4138Kb free=115861Kb
 bounds [0x000001bbe5840000, 0x000001bbe5c50000, 0x000001bbecd70000]
CodeHeap 'non-nmethods': size=5760Kb used=1187Kb max_used=1208Kb free=4572Kb
 bounds [0x000001bbe52a0000, 0x000001bbe5510000, 0x000001bbe5840000]
 total_blobs=2486 nmethods=2036 adapters=362
 compilation: enabled
              stopped_count=0, restarted_count=0
 full_count=0

Compilation events (20 events):
Event: 3.289 Thread 0x000001bbfa8c5800 2043       3       java.lang.Character::isJavaIdentifierPart (5 bytes)
Event: 3.289 Thread 0x000001bbfa8c5800 nmethod 2043 0x000001bbe5c45610 code [0x000001bbe5c457e0, 0x000001bbe5c45a18]
Event: 3.292 Thread 0x000001bbfa8c5800 2045       3       java.nio.ByteBuffer::limit (6 bytes)
Event: 3.292 Thread 0x000001bbfa8c5800 nmethod 2045 0x000001bbe5c45b10 code [0x000001bbe5c45cc0, 0x000001bbe5c45e68]
Event: 3.293 Thread 0x000001bbfa8c5800 2046       3       jdk.internal.reflect.ClassFileAssembler::setStack (25 bytes)
Event: 3.294 Thread 0x000001bbfa8c5800 nmethod 2046 0x000001bbe5c45f10 code [0x000001bbe5c460c0, 0x000001bbe5c461f8]
Event: 3.295 Thread 0x000001bbfa8c5800 2047       1       org.springframework.core.annotation.AnnotationTypeMapping$MirrorSets$MirrorSet::access$200 (5 bytes)
Event: 3.295 Thread 0x000001bbfa8c5800 nmethod 2047 0x000001bbece2a990 code [0x000001bbece2ab40, 0x000001bbece2abd8]
Event: 3.295 Thread 0x000001bbfa8c5800 2048       3       java.lang.Class::isAnnotation (17 bytes)
Event: 3.295 Thread 0x000001bbfa8c5800 nmethod 2048 0x000001bbe5c46290 code [0x000001bbe5c46440, 0x000001bbe5c465c8]
Event: 3.300 Thread 0x000001bbfa8c5800 2049       3       java.util.ArrayList::isEmpty (13 bytes)
Event: 3.300 Thread 0x000001bbfa8c5800 nmethod 2049 0x000001bbe5c46690 code [0x000001bbe5c46840, 0x000001bbe5c46998]
Event: 3.300 Thread 0x000001bbfa8c5800 2050       3       org.springframework.core.ResolvableType::getInterfaces (68 bytes)
Event: 3.303 Thread 0x000001bbfa8c5800 nmethod 2050 0x000001bbe5c46a10 code [0x000001bbe5c46ca0, 0x000001bbe5c47aa8]
Event: 3.303 Thread 0x000001bbfa8c5800 2052       3       java.util.concurrent.locks.ReentrantLock$NonfairSync::tryAcquire (6 bytes)
Event: 3.303 Thread 0x000001bbfa8c5800 nmethod 2052 0x000001bbe5c47f10 code [0x000001bbe5c480c0, 0x000001bbe5c481e8]
Event: 3.303 Thread 0x000001bbfa8c5800 2053       3       java.util.concurrent.locks.ReentrantLock$Sync::nonfairTryAcquire (67 bytes)
Event: 3.304 Thread 0x000001bbfa8c5800 nmethod 2053 0x000001bbe5c48290 code [0x000001bbe5c484e0, 0x000001bbe5c48da8]
Event: 3.304 Thread 0x000001bbfa8c5800 2051       1       sun.reflect.generics.repository.AbstractRepository::getFactory (5 bytes)
Event: 3.304 Thread 0x000001bbfa8c5800 nmethod 2051 0x000001bbece2ac90 code [0x000001bbece2ae40, 0x000001bbece2aef8]

GC Heap History (4 events):
Event: 1.112 GC heap before
{Heap before GC invocations=0 (full 0):
 garbage-first heap   total 98304K, used 24576K [0x00000000a0e00000, 0x0000000100000000)
  region size 1024K, 24 young (24576K), 0 survivors (0K)
 Metaspace       used 12179K, capacity 12561K, committed 12672K, reserved 1060864K
  class space    used 1172K, capacity 1307K, committed 1408K, reserved 1048576K
}
Event: 1.123 GC heap after
{Heap after GC invocations=1 (full 0):
 garbage-first heap   total 98304K, used 7223K [0x00000000a0e00000, 0x0000000100000000)
  region size 1024K, 3 young (3072K), 3 survivors (3072K)
 Metaspace       used 12179K, capacity 12561K, committed 12672K, reserved 1060864K
  class space    used 1172K, capacity 1307K, committed 1408K, reserved 1048576K
}
Event: 2.733 GC heap before
{Heap before GC invocations=1 (full 0):
 garbage-first heap   total 98304K, used 60471K [0x00000000a0e00000, 0x0000000100000000)
  region size 1024K, 56 young (57344K), 3 survivors (3072K)
 Metaspace       used 20531K, capacity 21213K, committed 21296K, reserved 1069056K
  class space    used 2249K, capacity 2524K, committed 2560K, reserved 1048576K
}
Event: 2.745 GC heap after
{Heap after GC invocations=2 (full 0):
 garbage-first heap   total 98304K, used 9578K [0x00000000a0e00000, 0x0000000100000000)
  region size 1024K, 6 young (6144K), 6 survivors (6144K)
 Metaspace       used 20531K, capacity 21213K, committed 21296K, reserved 1069056K
  class space    used 2249K, capacity 2524K, committed 2560K, reserved 1048576K
}

Deoptimization events (20 events):
Event: 2.657 Thread 0x000001bbdcb4b000 DEOPT PACKING pc=0x000001bbe5ad5e38 sp=0x00000076754facb0
Event: 2.657 Thread 0x000001bbdcb4b000 DEOPT UNPACKING pc=0x000001bbe52ea95e sp=0x00000076754fa1b8 mode 0
Event: 2.706 Thread 0x000001bbdcb4b000 DEOPT PACKING pc=0x000001bbe59620ef sp=0x00000076754faea0
Event: 2.706 Thread 0x000001bbdcb4b000 DEOPT UNPACKING pc=0x000001bbe52ea95e sp=0x00000076754fa328 mode 0
Event: 2.728 Thread 0x000001bbdcb4b000 DEOPT PACKING pc=0x000001bbe5ad5e38 sp=0x00000076754f9da0
Event: 2.728 Thread 0x000001bbdcb4b000 DEOPT UNPACKING pc=0x000001bbe52ea95e sp=0x00000076754f92a8 mode 0
Event: 2.766 Thread 0x000001bbdcb4b000 Uncommon trap: trap_request=0xffffff4d fr.pc=0x000001bbecdd0d30 relative=0x0000000000000090
Event: 2.766 Thread 0x000001bbdcb4b000 Uncommon trap: reason=unstable_if action=reinterpret pc=0x000001bbecdd0d30 method=java.lang.StringLatin1.lastIndexOf([BI[BII)I @ 32 c2
Event: 2.766 Thread 0x000001bbdcb4b000 DEOPT PACKING pc=0x000001bbecdd0d30 sp=0x00000076754fbc00
Event: 2.766 Thread 0x000001bbdcb4b000 DEOPT UNPACKING pc=0x000001bbe52ea1af sp=0x00000076754fbb58 mode 2
Event: 2.768 Thread 0x000001bbdcb4b000 Uncommon trap: trap_request=0xffffff4d fr.pc=0x000001bbecdcd6ac relative=0x00000000000000ec
Event: 2.768 Thread 0x000001bbdcb4b000 Uncommon trap: reason=unstable_if action=reinterpret pc=0x000001bbecdcd6ac method=java.lang.StringLatin1.lastIndexOf([BI[BII)I @ 32 c2
Event: 2.768 Thread 0x000001bbdcb4b000 DEOPT PACKING pc=0x000001bbecdcd6ac sp=0x00000076754fbbe0
Event: 2.768 Thread 0x000001bbdcb4b000 DEOPT UNPACKING pc=0x000001bbe52ea1af sp=0x00000076754fbb58 mode 2
Event: 2.855 Thread 0x000001bbdcb4b000 DEOPT PACKING pc=0x000001bbe5ad5e38 sp=0x00000076754fbaa0
Event: 2.855 Thread 0x000001bbdcb4b000 DEOPT UNPACKING pc=0x000001bbe52ea95e sp=0x00000076754fafa8 mode 0
Event: 2.895 Thread 0x000001bbdcb4b000 Uncommon trap: trap_request=0xffffff4d fr.pc=0x000001bbecdd988c relative=0x0000000000000f4c
Event: 2.895 Thread 0x000001bbdcb4b000 Uncommon trap: reason=unstable_if action=reinterpret pc=0x000001bbecdd988c method=java.util.concurrent.ConcurrentHashMap.putVal(Ljava/lang/Object;Ljava/lang/Object;Z)Ljava/lang/Object; @ 148 c2
Event: 2.895 Thread 0x000001bbdcb4b000 DEOPT PACKING pc=0x000001bbecdd988c sp=0x00000076754fc010
Event: 2.895 Thread 0x000001bbdcb4b000 DEOPT UNPACKING pc=0x000001bbe52ea1af sp=0x00000076754fbfb0 mode 2

Classes redefined (0 events):
No events

Internal exceptions (20 events):
Event: 2.577 Thread 0x000001bbdcb4b000 Exception <a 'java/lang/NoSuchMethodError'{0x00000000a3cc5e58}: 'java.lang.Object java.lang.invoke.DirectMethodHandle$Holder.invokeStatic(java.lang.Object, java.lang.Object, java.lang.Object, java.lang.Object, java.lang.Object, java.lang.Object, java.lang.Object, java.lang.Object, java.lang.Object, java.lang.Object, java.lang.Object, java.lang.Object, java.lang.Object, java.lang.Object, java.lang.Object, java.lang.Object)'> (0x00000000a3cc5e58) thrown at [./src/hotspot/share/interpreter/linkResolver.cpp, l
Event: 2.579 Thread 0x000001bbdcb4b000 Exception <a 'java/lang/NoSuchMethodError'{0x00000000a3cd42c0}: 'java.lang.Object java.lang.invoke.DirectMethodHandle$Holder.invokeSpecial(java.lang.Object, java.lang.Object, int, int, java.lang.Object, java.lang.Object, java.lang.Object, java.lang.Object)'> (0x00000000a3cd42c0) thrown at [./src/hotspot/share/interpreter/linkResolver.cpp, line 773]
Event: 2.579 Thread 0x000001bbdcb4b000 Exception <a 'java/lang/NoSuchMethodError'{0x00000000a3cd7f48}: 'java.lang.Object java.lang.invoke.DelegatingMethodHandle$Holder.reinvoke_L(java.lang.Object, int, int, java.lang.Object, java.lang.Object, java.lang.Object, java.lang.Object)'> (0x00000000a3cd7f48) thrown at [./src/hotspot/share/interpreter/linkResolver.cpp, line 773]
Event: 2.581 Thread 0x000001bbdcb4b000 Exception <a 'java/lang/NoSuchMethodError'{0x00000000a3ce6e50}: 'java.lang.Object java.lang.invoke.DirectMethodHandle$Holder.invokeStatic(java.lang.Object, java.lang.Object, java.lang.Object, java.lang.Object, java.lang.Object, java.lang.Object, int)'> (0x00000000a3ce6e50) thrown at [./src/hotspot/share/interpreter/linkResolver.cpp, line 773]
Event: 2.599 Thread 0x000001bbdcb4b000 Exception <a 'java/io/FileNotFoundException'{0x00000000a3b73b58}> (0x00000000a3b73b58) thrown at [./src/hotspot/share/prims/jni.cpp, line 617]
Event: 2.614 Thread 0x000001bbdcb4b000 Exception <a 'java/lang/IncompatibleClassChangeError'{0x00000000a3bde918}: Found class java.lang.Object, but interface was expected> (0x00000000a3bde918) thrown at [./src/hotspot/share/interpreter/linkResolver.cpp, line 839]
Event: 2.656 Thread 0x000001bbdcb4b000 Exception <a 'java/lang/NoSuchMethodError'{0x00000000a394aa08}: 'int java.lang.invoke.DirectMethodHandle$Holder.invokeSpecial(java.lang.Object, java.lang.Object, java.lang.Object, java.lang.Object)'> (0x00000000a394aa08) thrown at [./src/hotspot/share/interpreter/linkResolver.cpp, line 773]
Event: 2.703 Thread 0x000001bbdcb4b000 Exception <a 'java/lang/NoSuchMethodError'{0x00000000a3702698}: 'java.lang.Object java.lang.invoke.DirectMethodHandle$Holder.invokeSpecial(java.lang.Object, java.lang.Object, java.lang.Object, java.lang.Object, java.lang.Object, java.lang.Object, int)'> (0x00000000a3702698) thrown at [./src/hotspot/share/interpreter/linkResolver.cpp, line 773]
Event: 2.704 Thread 0x000001bbdcb4b000 Exception <a 'java/lang/NoSuchMethodError'{0x00000000a370c648}: 'java.lang.Object java.lang.invoke.DirectMethodHandle$Holder.invokeSpecial(java.lang.Object, java.lang.Object, java.lang.Object, java.lang.Object, java.lang.Object, java.lang.Object, java.lang.Object, int)'> (0x00000000a370c648) thrown at [./src/hotspot/share/interpreter/linkResolver.cpp, line 773]
Event: 2.704 Thread 0x000001bbdcb4b000 Exception <a 'java/lang/NoSuchMethodError'{0x00000000a3710a40}: 'java.lang.Object java.lang.invoke.Invokers$Holder.linkToTargetMethod(java.lang.Object, java.lang.Object, java.lang.Object, java.lang.Object, java.lang.Object, int, java.lang.Object)'> (0x00000000a3710a40) thrown at [./src/hotspot/share/interpreter/linkResolver.cpp, line 773]
Event: 2.818 Thread 0x000001bbdcb4b000 Exception <a 'java/lang/NoSuchMethodError'{0x00000000a6b46fa0}: 'java.lang.Object java.lang.invoke.DirectMethodHandle$Holder.invokeStatic(java.lang.Object, java.lang.Object, java.lang.Object, int, java.lang.Object)'> (0x00000000a6b46fa0) thrown at [./src/hotspot/share/interpreter/linkResolver.cpp, line 773]
Event: 2.819 Thread 0x000001bbdcb4b000 Exception <a 'java/lang/NoSuchMethodError'{0x00000000a6b4def8}: 'java.lang.Object java.lang.invoke.Invokers$Holder.linkToTargetMethod(java.lang.Object, java.lang.Object, int, java.lang.Object, java.lang.Object)'> (0x00000000a6b4def8) thrown at [./src/hotspot/share/interpreter/linkResolver.cpp, line 773]
Event: 2.820 Thread 0x000001bbdcb4b000 Exception <a 'java/lang/NoSuchMethodError'{0x00000000a6b5c758}: 'int java.lang.invoke.DirectMethodHandle$Holder.invokeStatic(java.lang.Object, int, java.lang.Object, java.lang.Object)'> (0x00000000a6b5c758) thrown at [./src/hotspot/share/interpreter/linkResolver.cpp, line 773]
Event: 2.821 Thread 0x000001bbdcb4b000 Exception <a 'java/lang/NoSuchMethodError'{0x00000000a6b63db8}: 'java.lang.Object java.lang.invoke.DirectMethodHandle$Holder.invokeStatic(java.lang.Object, int, java.lang.Object)'> (0x00000000a6b63db8) thrown at [./src/hotspot/share/interpreter/linkResolver.cpp, line 773]
Event: 2.867 Thread 0x000001bbdcb4b000 Exception <a 'java/lang/NoSuchMethodError'{0x00000000a692f3d8}: 'void java.lang.invoke.DirectMethodHandle$Holder.invokeStaticInit(java.lang.Object, java.lang.Object)'> (0x00000000a692f3d8) thrown at [./src/hotspot/share/interpreter/linkResolver.cpp, line 773]
Event: 3.026 Thread 0x000001bbfc802000 Exception <a 'java/lang/NoClassDefFoundError'{0x00000000a6529588}: javax/validation/Validation> (0x00000000a6529588) thrown at [./src/hotspot/share/classfile/systemDictionary.cpp, line 219]
Event: 3.093 Thread 0x000001bbfc802000 Exception <a 'java/lang/NoSuchMethodError'{0x00000000a62b70b8}: 'java.lang.Object java.lang.invoke.DirectMethodHandle$Holder.invokeStaticInit(java.lang.Object, java.lang.Object, java.lang.Object, java.lang.Object, java.lang.Object)'> (0x00000000a62b70b8) thrown at [./src/hotspot/share/interpreter/linkResolver.cpp, line 773]
Event: 3.109 Thread 0x000001bbfc802000 Exception <a 'java/lang/NoSuchMethodError'{0x00000000a61ab010}: 'java.lang.Object java.lang.invoke.DirectMethodHandle$Holder.invokeSpecial(java.lang.Object, java.lang.Object, int, int, java.lang.Object, java.lang.Object, java.lang.Object)'> (0x00000000a61ab010) thrown at [./src/hotspot/share/interpreter/linkResolver.cpp, line 773]
Event: 3.109 Thread 0x000001bbfc802000 Exception <a 'java/lang/NoSuchMethodError'{0x00000000a61ae5a0}: 'java.lang.Object java.lang.invoke.DelegatingMethodHandle$Holder.reinvoke_L(java.lang.Object, int, int, java.lang.Object, java.lang.Object, java.lang.Object)'> (0x00000000a61ae5a0) thrown at [./src/hotspot/share/interpreter/linkResolver.cpp, line 773]
Event: 3.110 Thread 0x000001bbfc802000 Exception <a 'java/lang/NoSuchMethodError'{0x00000000a61b2480}: 'java.lang.Object java.lang.invoke.DirectMethodHandle$Holder.invokeStatic(java.lang.Object, java.lang.Object, java.lang.Object, java.lang.Object, int)'> (0x00000000a61b2480) thrown at [./src/hotspot/share/interpreter/linkResolver.cpp, line 773]

Events (20 events):
Event: 3.298 loading class org/springframework/beans/factory/support/AbstractBeanFactory$BeanPostProcessorCache
Event: 3.298 loading class org/springframework/beans/factory/support/AbstractBeanFactory$BeanPostProcessorCache done
Event: 3.299 loading class com/fasterxml/jackson/databind/cfg/MapperConfig
Event: 3.299 loading class com/fasterxml/jackson/databind/cfg/MapperConfig done
Event: 3.300 loading class org/springframework/boot/type/classreading/ConcurrentReferenceCachingMetadataReaderFactory
Event: 3.300 loading class org/springframework/boot/type/classreading/ConcurrentReferenceCachingMetadataReaderFactory done
Event: 3.301 loading class com/fasterxml/jackson/databind/SerializationConfig
Event: 3.301 loading class com/fasterxml/jackson/databind/SerializationConfig done
Event: 3.303 loading class org/springframework/beans/factory/support/NullBean
Event: 3.303 loading class org/springframework/beans/factory/support/NullBean done
Event: 3.303 loading class com/fasterxml/jackson/databind/cfg/MapperConfigBase
Event: 3.303 loading class com/fasterxml/jackson/databind/cfg/MapperConfigBase done
Event: 3.304 loading class org/springframework/beans/factory/support/RootBeanDefinition
Event: 3.304 loading class org/springframework/beans/factory/support/RootBeanDefinition done
Event: 3.304 loading class org/springframework/beans/factory/support/AbstractBeanFactory
Event: 3.304 loading class org/springframework/beans/factory/support/AbstractBeanFactory done
Event: 3.305 loading class com/fasterxml/jackson/databind/DeserializationConfig
Event: 3.305 loading class com/fasterxml/jackson/databind/DeserializationConfig done
Event: 3.305 loading class org/springframework/context/annotation/FullyQualifiedAnnotationBeanNameGenerator
Event: 3.305 loading class org/springframework/context/annotation/FullyQualifiedAnnotationBeanNameGenerator done


Dynamic libraries:
0x00007ff651240000 - 0x00007ff65124d000 	C:\Users\ronal\.jdks\corretto-11.0.15\bin\java.exe
0x00007ffca07d0000 - 0x00007ffca09e4000 	C:\WINDOWS\SYSTEM32\ntdll.dll
0x00007ffc9fd70000 - 0x00007ffc9fe32000 	C:\WINDOWS\System32\KERNEL32.DLL
0x00007ffc9e050000 - 0x00007ffc9e3ec000 	C:\WINDOWS\System32\KERNELBASE.dll
0x00007ffc9e4b0000 - 0x00007ffc9e5c1000 	C:\WINDOWS\System32\ucrtbase.dll
0x00007ffc65fe0000 - 0x00007ffc65ff7000 	C:\Users\ronal\.jdks\corretto-11.0.15\bin\jli.dll
0x00007ffc86760000 - 0x00007ffc86779000 	C:\Users\ronal\.jdks\corretto-11.0.15\bin\VCRUNTIME140.dll
0x00007ffc9fe40000 - 0x00007ffc9ffea000 	C:\WINDOWS\System32\USER32.dll
0x00007ffc9e020000 - 0x00007ffc9e046000 	C:\WINDOWS\System32\win32u.dll
0x00007ffc8a020000 - 0x00007ffc8a2ae000 	C:\WINDOWS\WinSxS\amd64_microsoft.windows.common-controls_6595b64144ccf1df_6.0.22621.608_none_a9444ca7c10bb01d\COMCTL32.dll
0x00007ffca0750000 - 0x00007ffca0779000 	C:\WINDOWS\System32\GDI32.dll
0x00007ffc9fbe0000 - 0x00007ffc9fc87000 	C:\WINDOWS\System32\msvcrt.dll
0x00007ffc9dc00000 - 0x00007ffc9dd12000 	C:\WINDOWS\System32\gdi32full.dll
0x00007ffc9df10000 - 0x00007ffc9dfaa000 	C:\WINDOWS\System32\msvcp_win.dll
0x00007ffca0650000 - 0x00007ffca0681000 	C:\WINDOWS\System32\IMM32.DLL
0x00007ffc48ac0000 - 0x00007ffc48b5b000 	C:\Users\ronal\.jdks\corretto-11.0.15\bin\msvcp140.dll
0x00007ffc2e980000 - 0x00007ffc2f503000 	C:\Users\ronal\.jdks\corretto-11.0.15\bin\server\jvm.dll
0x00007ffc9fb20000 - 0x00007ffc9fbce000 	C:\WINDOWS\System32\ADVAPI32.dll
0x00007ffca03c0000 - 0x00007ffca0464000 	C:\WINDOWS\System32\sechost.dll
0x00007ffc9e5d0000 - 0x00007ffc9e6e5000 	C:\WINDOWS\System32\RPCRT4.dll
0x00007ffca0780000 - 0x00007ffca0788000 	C:\WINDOWS\System32\PSAPI.DLL
0x00007ffc96610000 - 0x00007ffc96644000 	C:\WINDOWS\SYSTEM32\WINMM.dll
0x00007ffc94280000 - 0x00007ffc9428a000 	C:\WINDOWS\SYSTEM32\VERSION.dll
0x00007ffc89840000 - 0x00007ffc89849000 	C:\WINDOWS\SYSTEM32\WSOCK32.dll
0x00007ffc9fcf0000 - 0x00007ffc9fd61000 	C:\WINDOWS\System32\WS2_32.dll
0x00007ffc9cc50000 - 0x00007ffc9cc68000 	C:\WINDOWS\SYSTEM32\kernel.appcore.dll
0x00007ffc86790000 - 0x00007ffc867a0000 	C:\Users\ronal\.jdks\corretto-11.0.15\bin\verify.dll
0x00007ffc92d90000 - 0x00007ffc92fbe000 	C:\WINDOWS\SYSTEM32\DBGHELP.DLL
0x00007ffc9fff0000 - 0x00007ffca0379000 	C:\WINDOWS\System32\combase.dll
0x00007ffc9f920000 - 0x00007ffc9f9f7000 	C:\WINDOWS\System32\OLEAUT32.dll
0x00007ffc88bb0000 - 0x00007ffc88be2000 	C:\WINDOWS\SYSTEM32\dbgcore.DLL
0x00007ffc9de90000 - 0x00007ffc9df0b000 	C:\WINDOWS\System32\bcryptPrimitives.dll
0x00007ffc63e90000 - 0x00007ffc63eb8000 	C:\Users\ronal\.jdks\corretto-11.0.15\bin\java.dll
0x00007ffc76b60000 - 0x00007ffc76b6a000 	C:\Users\ronal\.jdks\corretto-11.0.15\bin\jimage.dll
0x00007ffc64d80000 - 0x00007ffc64d98000 	C:\Users\ronal\.jdks\corretto-11.0.15\bin\zip.dll
0x00007ffc9e920000 - 0x00007ffc9f0fd000 	C:\WINDOWS\System32\SHELL32.dll
0x00007ffc9bc10000 - 0x00007ffc9c4c7000 	C:\WINDOWS\SYSTEM32\windows.storage.dll
0x00007ffc9bad0000 - 0x00007ffc9bc0d000 	C:\WINDOWS\SYSTEM32\wintypes.dll
0x00007ffca0470000 - 0x00007ffca0561000 	C:\WINDOWS\System32\SHCORE.dll
0x00007ffc9f430000 - 0x00007ffc9f48e000 	C:\WINDOWS\System32\shlwapi.dll
0x00007ffc9db30000 - 0x00007ffc9db51000 	C:\WINDOWS\SYSTEM32\profapi.dll
0x00007ffc5df50000 - 0x00007ffc5df69000 	C:\Users\ronal\.jdks\corretto-11.0.15\bin\net.dll
0x00007ffc960c0000 - 0x00007ffc961ef000 	C:\WINDOWS\SYSTEM32\WINHTTP.dll
0x00007ffc9d0a0000 - 0x00007ffc9d109000 	C:\WINDOWS\system32\mswsock.dll
0x00007ffc5d630000 - 0x00007ffc5d643000 	C:\Users\ronal\.jdks\corretto-11.0.15\bin\nio.dll
0x00007ffc930c0000 - 0x00007ffc930c9000 	C:\Users\ronal\.jdks\corretto-11.0.15\bin\management.dll
0x00007ffc867d0000 - 0x00007ffc867db000 	C:\Users\ronal\.jdks\corretto-11.0.15\bin\management_ext.dll
0x00007ffc88cf0000 - 0x00007ffc88d07000 	C:\WINDOWS\system32\napinsp.dll
0x00007ffc88cd0000 - 0x00007ffc88ceb000 	C:\WINDOWS\system32\pnrpnsp.dll
0x00007ffc9c790000 - 0x00007ffc9c882000 	C:\WINDOWS\SYSTEM32\DNSAPI.dll
0x00007ffc9c720000 - 0x00007ffc9c74d000 	C:\WINDOWS\SYSTEM32\IPHLPAPI.DLL
0x00007ffc9fbd0000 - 0x00007ffc9fbd9000 	C:\WINDOWS\System32\NSI.dll
0x00007ffc881c0000 - 0x00007ffc881d1000 	C:\WINDOWS\System32\winrnr.dll
0x00007ffc881a0000 - 0x00007ffc881b5000 	C:\WINDOWS\system32\wshbth.dll
0x00007ffc88170000 - 0x00007ffc88191000 	C:\WINDOWS\system32\nlansp_c.dll
0x00007ffc91550000 - 0x00007ffc9155a000 	C:\Windows\System32\rasadhlp.dll
0x00007ffc94ae0000 - 0x00007ffc94b63000 	C:\WINDOWS\System32\fwpuclnt.dll

dbghelp: loaded successfully - version: 4.0.5 - missing functions: none
symbol engine: initialized successfully - sym options: 0x614 - pdb path: .;C:\Users\ronal\.jdks\corretto-11.0.15\bin;C:\WINDOWS\SYSTEM32;C:\WINDOWS\WinSxS\amd64_microsoft.windows.common-controls_6595b64144ccf1df_6.0.22621.608_none_a9444ca7c10bb01d;C:\Users\ronal\.jdks\corretto-11.0.15\bin\server

VM Arguments:
java_command: C:\Users\ronal\AppData\Local\Temp\surefire15145776323262826028\surefirebooter866544684478268065.jar C:\Users\ronal\AppData\Local\Temp\surefire15145776323262826028 2022-10-21T21-53-39_784-jvmRun1 surefire2619382391810391450tmp surefire_01016902587501015403tmp
java_class_path (initial): C:\Users\ronal\AppData\Local\Temp\surefire15145776323262826028\surefirebooter866544684478268065.jar
Launcher Type: SUN_STANDARD

[Global flags]
     intx CICompilerCount                          = 4                                         {product} {ergonomic}
     uint ConcGCThreads                            = 2                                         {product} {ergonomic}
     uint G1ConcRefinementThreads                  = 8                                         {product} {ergonomic}
   size_t G1HeapRegionSize                         = 1048576                                   {product} {ergonomic}
    uintx GCDrainStackTargetSize                   = 64                                        {product} {ergonomic}
   size_t InitialHeapSize                          = 100663296                                 {product} {ergonomic}
   size_t MarkStackSize                            = 4194304                                   {product} {ergonomic}
   size_t MaxHeapSize                              = 1595932672                                {product} {ergonomic}
   size_t MaxNewSize                               = 957349888                                 {product} {ergonomic}
   size_t MinHeapDeltaBytes                        = 1048576                                   {product} {ergonomic}
    uintx NonNMethodCodeHeapSize                   = 5836300                                {pd product} {ergonomic}
    uintx NonProfiledCodeHeapSize                  = 122910970                              {pd product} {ergonomic}
    uintx ProfiledCodeHeapSize                     = 122910970                              {pd product} {ergonomic}
    uintx ReservedCodeCacheSize                    = 251658240                              {pd product} {ergonomic}
     bool SegmentedCodeCache                       = true                                      {product} {ergonomic}
     bool UseCompressedClassPointers               = true                                 {lp64_product} {ergonomic}
     bool UseCompressedOops                        = true                                 {lp64_product} {ergonomic}
     bool UseG1GC                                  = true                                      {product} {ergonomic}
     bool UseLargePagesIndividualAllocation        = false                                  {pd product} {ergonomic}

Logging:
Log output configuration:
 #0: stdout all=warning uptime,level,tags
 #1: stderr all=off uptime,level,tags

Environment Variables:
JAVA_HOME=C:\Program Files\Eclipse Adoptium\jdk-11.0.13.8-hotspot\bin
PATH=C:\Program Files\Eclipse Adoptium\jdk-8.0.312.7-hotspot\bin;C:\Program Files\Eclipse Adoptium\jdk-11.0.13.8-hotspot\bin;C:\Program Files (x86)\Common Files\Oracle\Java\javapath;C:\WINDOWS\system32;C:\WINDOWS;C:\WINDOWS\System32\Wbem;C:\WINDOWS\System32\WindowsPowerShell\v1.0\;C:\WINDOWS\System32\OpenSSH\;C:\Program Files\PuTTY\;C:\xampp\php;C:\ProgramData\ComposerSetup\bin;C:\Program Files\Git\cmd;C:\Program Files\Microsoft SQL Server\110\Tools\Binn\;C:\Program Files\Microsoft SQL Server\Client SDK\ODBC\170\Tools\Binn\;C:\Program Files (x86)\Microsoft SQL Server\150\Tools\Binn\;C:\Program Files\Microsoft SQL Server\150\Tools\Binn\;C:\Program Files\Microsoft SQL Server\150\DTS\Binn\;C:\Program Files (x86)\Microsoft SQL Server\150\DTS\Binn\;C:\Program Files\Microsoft SQL Server\Client SDK\ODBC\110\Tools\Binn\;C:\Program Files (x86)\Microsoft SQL Server\120\Tools\Binn\ManagementStudio\;C:\Program Files (x86)\Microsoft SQL Server\120\Tools\Binn\;C:\Program Files\Microsoft SQL Server\120\Tools\Binn\;C:\Program Files (x86)\Microsoft SQL Server\120\DTS\Binn\;C:\Program Files\Microsoft SQL Server\120\DTS\Binn\;;C:\Program Files\Docker\Docker\resources\bin;C:\ProgramData\DockerDesktop\version-bin;C:\Program Files\nodejs\;C:\ProgramData\chocolatey\bin;C:\Users\ronal\AppData\Local\Microsoft\WindowsApps;C:\Users\ronal\AppData\Local\Programs\Microsoft VS Code\bin;C:\Users\ronal\AppData\Roaming\Composer\vendor\bin;C:\Users\ronal\AppData\Local\GitHubDesktop\bin;C:\Program Files\JetBrains\IntelliJ IDEA Community Edition 2021.3\bin;;C:\Program Files\JetBrains\IntelliJ IDEA 2021.2.3\bin;;C:\apache-maven\bin;C:\Program Files\MongoDB\Server\5.0\bin;C:\Users\ronal\AppData\Roaming\npm;D:\dev_tools\Redis;;C:\Program Files\JetBrains\PyCharm Community Edition 2022.2.1\bin;
USERNAME=ronal
OS=Windows_NT
PROCESSOR_IDENTIFIER=AMD64 Family 23 Model 24 Stepping 1, AuthenticAMD



---------------  S Y S T E M  ---------------

OS: Windows 11 , 64 bit Build 22621 (10.0.22621.608)
OS uptime: 5 days 13:31 hours
Hyper-V role detected

CPU:total 8 (initial active 8) (8 cores per cpu, 2 threads per core) family 23 model 24 stepping 1 microcode 0x0, cmov, cx8, fxsr, mmx, sse, sse2, sse3, ssse3, sse4.1, sse4.2, popcnt, avx, avx2, aes, clmul, mmxext, 3dnowpref, lzcnt, sse4a, ht, tsc, tscinvbit, tscinv, bmi1, bmi2, adx, sha, fma

Memory: 4k page, system-wide physical 6082M (245M free)
TotalPageFile size 24514M (AvailPageFile size 4M)
current process WorkingSet (physical memory assigned to process): 158M, peak: 158M
current process commit charge ("private bytes"): 230M, peak: 230M

vm_info: OpenJDK 64-Bit Server VM (11.0.15+9-LTS) for windows-amd64 JRE (11.0.15+9-LTS), built on Apr 15 2022 22:20:31 by "Administrator" with unknown MS VC++:1916

END.
